[INFO  - 2019-07-23T11:48:33.192Z] GhostDriver - Main - running on port 63653
[INFO  - 2019-07-23T11:48:35.325Z] Session [cd778da0-ad3f-11e9-80d9-9340b2b103e0] - page.settings - {"XSSAuditingEnabled":false,"javascriptCanCloseWindows":true,"javascriptCanOpenWindows":true,"javascriptEnabled":true,"loadImages":true,"localToRemoteUrlAccessEnabled":false,"userAgent":"Mozilla/5.0 (Windows NT 6.2; WOW64) AppleWebKit/538.1 (KHTML, like Gecko) PhantomJS/2.1.1 Safari/538.1","webSecurityEnabled":true}
[INFO  - 2019-07-23T11:48:35.325Z] Session [cd778da0-ad3f-11e9-80d9-9340b2b103e0] - page.customHeaders:  - {}
[INFO  - 2019-07-23T11:48:35.325Z] Session [cd778da0-ad3f-11e9-80d9-9340b2b103e0] - Session.negotiatedCapabilities - {"browserName":"phantomjs","version":"2.1.1","driverName":"ghostdriver","driverVersion":"1.2.0","platform":"windows-10-32bit","javascriptEnabled":true,"takesScreenshot":true,"handlesAlerts":false,"databaseEnabled":false,"locationContextEnabled":false,"applicationCacheEnabled":false,"browserConnectionEnabled":false,"cssSelectorsEnabled":true,"webStorageEnabled":false,"rotatable":false,"acceptSslCerts":false,"nativeEvents":true,"proxy":{"proxyType":"direct"}}
[INFO  - 2019-07-23T11:48:35.325Z] SessionManagerReqHand - _postNewSessionCommand - New Session Created: cd778da0-ad3f-11e9-80d9-9340b2b103e0
[INFO  - 2019-07-23T11:48:47.753Z] Session [cd778da0-ad3f-11e9-80d9-9340b2b103e0] - page.settings - {"XSSAuditingEnabled":false,"javascriptCanCloseWindows":true,"javascriptCanOpenWindows":true,"javascriptEnabled":true,"loadImages":true,"localToRemoteUrlAccessEnabled":false,"userAgent":"Mozilla/5.0 (Windows NT 6.2; WOW64) AppleWebKit/538.1 (KHTML, like Gecko) PhantomJS/2.1.1 Safari/538.1","webSecurityEnabled":true}
[INFO  - 2019-07-23T11:48:47.753Z] Session [cd778da0-ad3f-11e9-80d9-9340b2b103e0] - page.customHeaders:  - {}
[INFO  - 2019-07-23T11:48:50.256Z] Session [cd778da0-ad3f-11e9-80d9-9340b2b103e0] - page.settings - {"XSSAuditingEnabled":false,"javascriptCanCloseWindows":true,"javascriptCanOpenWindows":true,"javascriptEnabled":true,"loadImages":true,"localToRemoteUrlAccessEnabled":false,"userAgent":"Mozilla/5.0 (Windows NT 6.2; WOW64) AppleWebKit/538.1 (KHTML, like Gecko) PhantomJS/2.1.1 Safari/538.1","webSecurityEnabled":true}
[INFO  - 2019-07-23T11:48:50.256Z] Session [cd778da0-ad3f-11e9-80d9-9340b2b103e0] - page.customHeaders:  - {}
[INFO  - 2019-07-23T11:48:51.862Z] Session [cd778da0-ad3f-11e9-80d9-9340b2b103e0] - page.settings - {"XSSAuditingEnabled":false,"javascriptCanCloseWindows":true,"javascriptCanOpenWindows":true,"javascriptEnabled":true,"loadImages":true,"localToRemoteUrlAccessEnabled":false,"userAgent":"Mozilla/5.0 (Windows NT 6.2; WOW64) AppleWebKit/538.1 (KHTML, like Gecko) PhantomJS/2.1.1 Safari/538.1","webSecurityEnabled":true}
[INFO  - 2019-07-23T11:48:51.862Z] Session [cd778da0-ad3f-11e9-80d9-9340b2b103e0] - page.customHeaders:  - {}
[INFO  - 2019-07-23T11:48:53.639Z] Session [cd778da0-ad3f-11e9-80d9-9340b2b103e0] - page.settings - {"XSSAuditingEnabled":false,"javascriptCanCloseWindows":true,"javascriptCanOpenWindows":true,"javascriptEnabled":true,"loadImages":true,"localToRemoteUrlAccessEnabled":false,"userAgent":"Mozilla/5.0 (Windows NT 6.2; WOW64) AppleWebKit/538.1 (KHTML, like Gecko) PhantomJS/2.1.1 Safari/538.1","webSecurityEnabled":true}
[INFO  - 2019-07-23T11:48:53.639Z] Session [cd778da0-ad3f-11e9-80d9-9340b2b103e0] - page.customHeaders:  - {}
[INFO  - 2019-07-23T11:48:55.136Z] Session [cd778da0-ad3f-11e9-80d9-9340b2b103e0] - page.settings - {"XSSAuditingEnabled":false,"javascriptCanCloseWindows":true,"javascriptCanOpenWindows":true,"javascriptEnabled":true,"loadImages":true,"localToRemoteUrlAccessEnabled":false,"userAgent":"Mozilla/5.0 (Windows NT 6.2; WOW64) AppleWebKit/538.1 (KHTML, like Gecko) PhantomJS/2.1.1 Safari/538.1","webSecurityEnabled":true}
[INFO  - 2019-07-23T11:48:55.136Z] Session [cd778da0-ad3f-11e9-80d9-9340b2b103e0] - page.customHeaders:  - {}
[INFO  - 2019-07-23T11:48:56.601Z] Session [cd778da0-ad3f-11e9-80d9-9340b2b103e0] - page.settings - {"XSSAuditingEnabled":false,"javascriptCanCloseWindows":true,"javascriptCanOpenWindows":true,"javascriptEnabled":true,"loadImages":true,"localToRemoteUrlAccessEnabled":false,"userAgent":"Mozilla/5.0 (Windows NT 6.2; WOW64) AppleWebKit/538.1 (KHTML, like Gecko) PhantomJS/2.1.1 Safari/538.1","webSecurityEnabled":true}
[INFO  - 2019-07-23T11:48:56.601Z] Session [cd778da0-ad3f-11e9-80d9-9340b2b103e0] - page.customHeaders:  - {}
[INFO  - 2019-07-23T11:48:58.104Z] Session [cd778da0-ad3f-11e9-80d9-9340b2b103e0] - page.settings - {"XSSAuditingEnabled":false,"javascriptCanCloseWindows":true,"javascriptCanOpenWindows":true,"javascriptEnabled":true,"loadImages":true,"localToRemoteUrlAccessEnabled":false,"userAgent":"Mozilla/5.0 (Windows NT 6.2; WOW64) AppleWebKit/538.1 (KHTML, like Gecko) PhantomJS/2.1.1 Safari/538.1","webSecurityEnabled":true}
[INFO  - 2019-07-23T11:48:58.104Z] Session [cd778da0-ad3f-11e9-80d9-9340b2b103e0] - page.customHeaders:  - {}
[INFO  - 2019-07-23T11:48:59.628Z] Session [cd778da0-ad3f-11e9-80d9-9340b2b103e0] - page.settings - {"XSSAuditingEnabled":false,"javascriptCanCloseWindows":true,"javascriptCanOpenWindows":true,"javascriptEnabled":true,"loadImages":true,"localToRemoteUrlAccessEnabled":false,"userAgent":"Mozilla/5.0 (Windows NT 6.2; WOW64) AppleWebKit/538.1 (KHTML, like Gecko) PhantomJS/2.1.1 Safari/538.1","webSecurityEnabled":true}
[INFO  - 2019-07-23T11:48:59.628Z] Session [cd778da0-ad3f-11e9-80d9-9340b2b103e0] - page.customHeaders:  - {}
[INFO  - 2019-07-23T11:49:01.266Z] Session [cd778da0-ad3f-11e9-80d9-9340b2b103e0] - page.settings - {"XSSAuditingEnabled":false,"javascriptCanCloseWindows":true,"javascriptCanOpenWindows":true,"javascriptEnabled":true,"loadImages":true,"localToRemoteUrlAccessEnabled":false,"userAgent":"Mozilla/5.0 (Windows NT 6.2; WOW64) AppleWebKit/538.1 (KHTML, like Gecko) PhantomJS/2.1.1 Safari/538.1","webSecurityEnabled":true}
[INFO  - 2019-07-23T11:49:01.266Z] Session [cd778da0-ad3f-11e9-80d9-9340b2b103e0] - page.customHeaders:  - {}
[INFO  - 2019-07-23T11:49:02.671Z] Session [cd778da0-ad3f-11e9-80d9-9340b2b103e0] - page.settings - {"XSSAuditingEnabled":false,"javascriptCanCloseWindows":true,"javascriptCanOpenWindows":true,"javascriptEnabled":true,"loadImages":true,"localToRemoteUrlAccessEnabled":false,"userAgent":"Mozilla/5.0 (Windows NT 6.2; WOW64) AppleWebKit/538.1 (KHTML, like Gecko) PhantomJS/2.1.1 Safari/538.1","webSecurityEnabled":true}
[INFO  - 2019-07-23T11:49:02.671Z] Session [cd778da0-ad3f-11e9-80d9-9340b2b103e0] - page.customHeaders:  - {}
[INFO  - 2019-07-23T11:49:04.054Z] Session [cd778da0-ad3f-11e9-80d9-9340b2b103e0] - page.settings - {"XSSAuditingEnabled":false,"javascriptCanCloseWindows":true,"javascriptCanOpenWindows":true,"javascriptEnabled":true,"loadImages":true,"localToRemoteUrlAccessEnabled":false,"userAgent":"Mozilla/5.0 (Windows NT 6.2; WOW64) AppleWebKit/538.1 (KHTML, like Gecko) PhantomJS/2.1.1 Safari/538.1","webSecurityEnabled":true}
[INFO  - 2019-07-23T11:49:04.054Z] Session [cd778da0-ad3f-11e9-80d9-9340b2b103e0] - page.customHeaders:  - {}
[INFO  - 2019-07-23T11:49:05.248Z] Session [cd778da0-ad3f-11e9-80d9-9340b2b103e0] - page.settings - {"XSSAuditingEnabled":false,"javascriptCanCloseWindows":true,"javascriptCanOpenWindows":true,"javascriptEnabled":true,"loadImages":true,"localToRemoteUrlAccessEnabled":false,"userAgent":"Mozilla/5.0 (Windows NT 6.2; WOW64) AppleWebKit/538.1 (KHTML, like Gecko) PhantomJS/2.1.1 Safari/538.1","webSecurityEnabled":true}
[INFO  - 2019-07-23T11:49:05.248Z] Session [cd778da0-ad3f-11e9-80d9-9340b2b103e0] - page.customHeaders:  - {}
[INFO  - 2019-07-23T11:49:06.447Z] Session [cd778da0-ad3f-11e9-80d9-9340b2b103e0] - page.settings - {"XSSAuditingEnabled":false,"javascriptCanCloseWindows":true,"javascriptCanOpenWindows":true,"javascriptEnabled":true,"loadImages":true,"localToRemoteUrlAccessEnabled":false,"userAgent":"Mozilla/5.0 (Windows NT 6.2; WOW64) AppleWebKit/538.1 (KHTML, like Gecko) PhantomJS/2.1.1 Safari/538.1","webSecurityEnabled":true}
[INFO  - 2019-07-23T11:49:06.447Z] Session [cd778da0-ad3f-11e9-80d9-9340b2b103e0] - page.customHeaders:  - {}
[INFO  - 2019-07-23T11:49:07.833Z] Session [cd778da0-ad3f-11e9-80d9-9340b2b103e0] - page.settings - {"XSSAuditingEnabled":false,"javascriptCanCloseWindows":true,"javascriptCanOpenWindows":true,"javascriptEnabled":true,"loadImages":true,"localToRemoteUrlAccessEnabled":false,"userAgent":"Mozilla/5.0 (Windows NT 6.2; WOW64) AppleWebKit/538.1 (KHTML, like Gecko) PhantomJS/2.1.1 Safari/538.1","webSecurityEnabled":true}
[INFO  - 2019-07-23T11:49:07.833Z] Session [cd778da0-ad3f-11e9-80d9-9340b2b103e0] - page.customHeaders:  - {}
[INFO  - 2019-07-23T11:49:19.384Z] Session [cd778da0-ad3f-11e9-80d9-9340b2b103e0] - page.settings - {"XSSAuditingEnabled":false,"javascriptCanCloseWindows":true,"javascriptCanOpenWindows":true,"javascriptEnabled":true,"loadImages":true,"localToRemoteUrlAccessEnabled":false,"userAgent":"Mozilla/5.0 (Windows NT 6.2; WOW64) AppleWebKit/538.1 (KHTML, like Gecko) PhantomJS/2.1.1 Safari/538.1","webSecurityEnabled":true}
[INFO  - 2019-07-23T11:49:19.384Z] Session [cd778da0-ad3f-11e9-80d9-9340b2b103e0] - page.customHeaders:  - {}
[INFO  - 2019-07-23T11:49:20.869Z] Session [cd778da0-ad3f-11e9-80d9-9340b2b103e0] - page.settings - {"XSSAuditingEnabled":false,"javascriptCanCloseWindows":true,"javascriptCanOpenWindows":true,"javascriptEnabled":true,"loadImages":true,"localToRemoteUrlAccessEnabled":false,"userAgent":"Mozilla/5.0 (Windows NT 6.2; WOW64) AppleWebKit/538.1 (KHTML, like Gecko) PhantomJS/2.1.1 Safari/538.1","webSecurityEnabled":true}
[INFO  - 2019-07-23T11:49:20.869Z] Session [cd778da0-ad3f-11e9-80d9-9340b2b103e0] - page.customHeaders:  - {}
[INFO  - 2019-07-23T11:49:22.567Z] Session [cd778da0-ad3f-11e9-80d9-9340b2b103e0] - page.settings - {"XSSAuditingEnabled":false,"javascriptCanCloseWindows":true,"javascriptCanOpenWindows":true,"javascriptEnabled":true,"loadImages":true,"localToRemoteUrlAccessEnabled":false,"userAgent":"Mozilla/5.0 (Windows NT 6.2; WOW64) AppleWebKit/538.1 (KHTML, like Gecko) PhantomJS/2.1.1 Safari/538.1","webSecurityEnabled":true}
[INFO  - 2019-07-23T11:49:22.567Z] Session [cd778da0-ad3f-11e9-80d9-9340b2b103e0] - page.customHeaders:  - {}
[INFO  - 2019-07-23T11:49:24.180Z] Session [cd778da0-ad3f-11e9-80d9-9340b2b103e0] - page.settings - {"XSSAuditingEnabled":false,"javascriptCanCloseWindows":true,"javascriptCanOpenWindows":true,"javascriptEnabled":true,"loadImages":true,"localToRemoteUrlAccessEnabled":false,"userAgent":"Mozilla/5.0 (Windows NT 6.2; WOW64) AppleWebKit/538.1 (KHTML, like Gecko) PhantomJS/2.1.1 Safari/538.1","webSecurityEnabled":true}
[INFO  - 2019-07-23T11:49:24.180Z] Session [cd778da0-ad3f-11e9-80d9-9340b2b103e0] - page.customHeaders:  - {}
[INFO  - 2019-07-23T11:49:25.800Z] Session [cd778da0-ad3f-11e9-80d9-9340b2b103e0] - page.settings - {"XSSAuditingEnabled":false,"javascriptCanCloseWindows":true,"javascriptCanOpenWindows":true,"javascriptEnabled":true,"loadImages":true,"localToRemoteUrlAccessEnabled":false,"userAgent":"Mozilla/5.0 (Windows NT 6.2; WOW64) AppleWebKit/538.1 (KHTML, like Gecko) PhantomJS/2.1.1 Safari/538.1","webSecurityEnabled":true}
[INFO  - 2019-07-23T11:49:25.800Z] Session [cd778da0-ad3f-11e9-80d9-9340b2b103e0] - page.customHeaders:  - {}
[INFO  - 2019-07-23T11:49:27.159Z] Session [cd778da0-ad3f-11e9-80d9-9340b2b103e0] - page.settings - {"XSSAuditingEnabled":false,"javascriptCanCloseWindows":true,"javascriptCanOpenWindows":tr[INFO  - 2019-07-23T11:49:[INFO  - 2019-07-23T11:53:42.729Z] SessionManagerReqHand - _cleanupWindowlessSessions - Asynchronous Sessions cle[INFO  - 2019-07-23T11:54:41.969Z] SessionManagerReqHand - _cleanupWindowlessSessions - Asynchronous Sessions clean-up phase starting NOW
[INFO  - 2019-07-23T11:55:44.309Z] SessionManagerReqHand - _cleanupWindowlessSessions - Asynchronous Sessions clean-up phase starting NOW
[INFO  - 2019-07-23T11:51:06.670Z] SessionManagerReqHand - _cleanupWindowlessSessions - Asynchronous Sessions clean-up phase starting NOW
[INFO  - 2019-07-23T11:56:06.671Z] SessionManagerReqHand - _cleanupWindowlessSessions - Asynchronous Sessions clean-up phase starting NOW
ecko) PhantomJS/2.1.1 Safari/538.1","webSecurityEnabled":true}
[INFO  - 2019-07-23T11:49:28.708Z] Session [cd778da0-ad3f-11e9-80d9-9340b2b103e0] - page.customHeader[INFO  - 2019-07-23T11:54:05.813Z] SessionManagerReqHand - _cleanupWindowlessSessions - Asynchronous Sessions clean-up phase starting NOW
javascriptCanCloseWindows":true,"javascriptCanOpenWindows":true,"javascriptEnabled":true,"loadImages":true,"localToRemoteUrlAccessEnabled":false,"userAgent":"Mozilla/5.0 (Windows NT 6.2; WOW64) AppleWebKit/538.1 (KHTML, like Gecko) PhantomJS/2.1.1 Safari/538.1","webSecurityEnabled":true}
[INFO  - 2019-07-23T11:49:30.136Z] Session [cd778da0-ad3f-11e9-80d9-9340b2b103e0] - page.customHeaders:  - {}
[INFO  - 2019-07-23T11:49:31.742Z] Session [cd778da0-ad3f-11e9-80d9-9340b2b103e0] - page.settings - {"XSSAuditingEnabled":false,"javascriptCanCloseWindows":true,"javascriptCanOpenWindows":true,"javascriptEnabled":true,"loadImages":true,"localToRemoteUrlAccessEnabled":false,"userAgent":"Mozilla/5.0 (Windows NT 6.2; WOW64) AppleWebKit/538.1 (KHTML, like Gecko) PhantomJS/2.1.1 Safari/538.1","webSecurityEnabled":true}
[INFO  - 2019-07-23T11:49:31.742Z] Session [cd778da0-ad3f-11e9-80d9-9340b2b103e0] - page.customHeaders:  - {}
[INFO  - 2019-07-23T11:49:33.053Z] Session [cd778da0-ad3f-11e9-80d9-9340b2b103e0] - page.settings - {"XSSAuditingEnabled":false,"javascriptCanCloseWindows":true,"javascriptCanOpenWindows":true,"javascriptEnabled":true,"loadImages":true,"localToRemoteUrlAccessEnabled":false,"userAgent":"Mozilla/5.0 (Windows NT 6.2; WOW64) AppleWebKit/538.1 (KHTML, like Gecko) PhantomJS/2.1.1 Safari/538.1","webSecurityEnabled":true}
[INFO  - 2019-07-23T11:49:33.054Z] Session [cd778da0-ad3f-11e9-80d9-9340b2b103e0] - page.customHeaders:  - {}
[INFO  - 2019-07-23T11:49:34.503Z] Session [cd778da0-ad3f-11e9-80d9-9340b2b103e0] - page.settings - {"XSSAuditingEnabled":false,"javascriptCanCloseWindows":true,"javascriptCanOpenWindows":true,"javascriptEnabled":true,"loadImages":true,"localToRemoteUrlAccessEnabled":false,"userAgent":"Mozilla/5.0 (Windows NT 6.2; WOW64) AppleWebKit/538.1 (KHTML, like Gecko) PhantomJS/2.1.1 Safari/538.1","webSecurityEnabled":true}
[INFO  - 2019-07-23T11:49:34.503Z] Session [cd778da0-ad3f-11e9-80d9-9340b2b103e0] - page.customHeaders:  - {}
[INFO  - 2019-07-23T11:49:35.654Z] Session [cd778da0-ad3f-11e9-80d9-9340b2b103e0] - page.settings - {"XSSAuditingEnabled":false,"javascriptCanCloseWindows":true,"javascriptCanOpenWindows":true,"javascriptEnabled":true,"loadImages":true,"localToRemoteUrlAccessEnabled":false,"userAgent":"Mozilla/5.0 (Windows NT 6.2; WOW64) AppleWebKit/538.1 (KHTML, like Gecko) PhantomJS/2.1.1 Safari/538.1","webSecurityEnabled":true}
[INFO  - 2019-07-23T11:49:35.654Z] Session [cd778da0-ad3f-11e9-80d9-9340b2b103e0] - page.customHeaders:  - {}
[INFO  - 2019-07-23T11:49:36.889Z] Session [cd778da0-ad3f-11e9-80d9-9340b2b103e0] - page.settings - {"XSSAuditingEnabled":false,"javascriptCanCloseWindows":true,"javascriptCanOpenWindows":true,"javascriptEnabled":true,"loadImages":true,"localToRemoteUrlAccessEnabled":false,"userAgent":"Mozilla/5.0 (Windows NT 6.2; WOW64) AppleWebKit/538.1 (KHTML, like Gecko) PhantomJS/2.1.1 Safari/538.1","webSecurityEnabled":true}
[INFO  - 2019-07-23T11:49:36.889Z] Session [cd778da0-ad3f-11e9-80d9-9340b2b103e0] - page.customHeaders:  - {}
[INFO  - 2019-07-23T11:49:38.262Z] Session [cd778da0-ad3f-11e9-80d9-9340b2b103e0] - page.settings - {"XSSAuditingEnabled":false,"javascriptCanCloseWindows":true,"javascriptCanOpenWindows":true,"javascriptEnabled":true,"loadImages":true,"localToRemoteUrlAccessEnabled":false,"userAgent":"Mozilla/5.0 (Windows NT 6.2; WOW64) AppleWebKit/538.1 (KHTML, like Gecko) PhantomJS/2.1.1 Safari/538.1","webSecurityEnabled":true}
[INFO  - 2019-07-23T11:49:38.262Z] Session [cd778da0-ad3f-11e9-80d9-9340b2b103e0] - page.customHeaders:  - {}
[INFO  - 2019-07-23T11:49:49.899Z] Session [cd778da0-ad3f-11e9-80d9-9340b2b103e0] - page.settings - {"XSSAuditingEnabled":false,"javascriptCanCloseWindows":true,"javascriptCanOpenWindows":true,"javascriptEnabled":true,"loadImages":true,"localToRemoteUrlAccessEnabled":false,"userAgent":"Mozilla/5.0 (Windows NT 6.2; WOW64) AppleWebKit/538.1 (KHTML, like Gecko) PhantomJS/2.1.1 Safari/538.1","webSecurityEnabled":true}
[INFO  - 2019-07-23T11:49:49.899Z] Session [cd778da0-ad3f-11e9-80d9-9340b2b103e0] - page.customHeaders:  - {}
[INFO  - 2019-07-23T11:49:51.272Z] Session [cd778da0-ad3f-11e9-80d9-9340b2b103e0] - page.settings - {"XSSAuditingEnabled":false,"javascriptCanCloseWindows":true,"javascriptCanOpenWindows":true,"javascriptEnabled":true,"loadImages":true,"localToRemoteUrlAccessEnabled":false,"userAgent":"Mozilla/5.0 (Windows NT 6.2; WOW64) AppleWebKit/538.1 (KHTML, like Gecko) PhantomJS/2.1.1 Safari/538.1","webSecurityEnabled":true}
[INFO  - 2019-07-23T11:49:51.272Z] Session [cd778da0-ad3f-11e9-80d9-9340b2b103e0] - page.customHeaders:  - {}
[INFO  - 2019-07-23T11:49:52.786Z] Session [cd778da0-ad3f-11e9-80d9-9340b2b103e0] - page.settings - {"XSSAuditingEnabled":false,"javascriptCanCloseWindows":true,"javascriptCanOpenWindows":true,"javascriptEnabled":true,"loadImages":true,"localToRemoteUrlAccessEnabled":false,"userAgent":"Mozilla/5.0 (Windows NT 6.2; WOW64) AppleWebKit/538.1 (KHTML, like Gecko) PhantomJS/2.1.1 Safari/538.1","webSecurityEnabled":true}
[INFO  - 2019-07-23T11:49:52.786Z] Session [cd778da0-ad3f-11e9-80d9-9340b2b103e0] - page.customHeaders:  - {}
[INFO  - 2019-07-23T11:49:54.471Z] Session [cd778da0-ad3f-11e9-80d9-9340b2b103e0] - page.settings - {"XSSAuditingEnabled":false,"javascriptCanCloseWindows":true,"javascriptCanOpenWindows":true,"javascriptEnabled":true,"loadImages":true,"localToRemoteUrlAccessEnabled":false,"userAgent":"Mozilla/5.0 (Windows NT 6.2; WOW64) AppleWebKit/538.1 (KHTML, like Gecko) PhantomJS/2.1.1 Safari/538.1","webSecurityEnabled":true}
[INFO  - 2019-07-23T11:49:54.471Z] Session [cd778da0-ad3f-11e9-80d9-9340b2b103e0] - page.customHeaders:  - {}
[INFO  - 2019-07-23T11:49:55.938Z] Session [cd778da0-ad3f-11e9-80d9-9340b2b103e0] - page.settings - {"XSSAuditingEnabled":false,"javascriptCanCloseWindows":true,"javascriptCanOpenWindows":true,"javascriptEnabled":true,"loadImages":true,"localToRemoteUrlAccessEnabled":false,"userAgent":"Mozilla/5.0 (Windows NT 6.2; WOW64) AppleWebKit/538.1 (KHTML, like Gecko) PhantomJS/2.1.1 Safari/538.1","webSecurityEnabled":true}
[INFO  - 2019-07-23T11:49:55.938Z] Session [cd778da0-ad3f-11e9-80d9-9340b2b103e0] - page.customHeaders:  - {}
[INFO  - 2019-07-23T11:49:57.411Z] Session [cd778da0-ad3f-11e9-80d9-9340b2b103e0] - page.settings - {"XSSAuditingEnabled":false,"javascriptCanCloseWindows":true,"javascriptCanOpenWindows":true,"javascriptEnabled":true,"loadImages":true,"localToRemoteUrlAccessEnabled":false,"userAgent":"Mozilla/5.0 (Windows NT 6.2; WOW64) AppleWebKit/538.1 (KHTML, like Gecko) PhantomJS/2.1.1 Safari/538.1","webSecurityEnabled":true}
[INFO  - 2019-07-23T11:49:57.411Z] Session [cd778da0-ad3f-11e9-80d9-9340b2b103e0] - page.customHeaders:  - {}
[INFO  - 2019-07-23T11:49:58.918Z] Session [cd778da0-ad3f-11e9-80d9-9340b2b103e0] - page.settings - {"XSSAuditingEnabled":false,"javascriptCanCloseWindows":true,"javascriptCanOpenWindows":true,"javascriptEnabled":true,"loadImages":true,"localToRemoteUrlAccessEnabled":false,"userAgent":"Mozilla/5.0 (Windows NT 6.2; WOW64) AppleWebKit/538.1 (KHTML, like Gecko) PhantomJS/2.1.1 Safari/538.1","webSecurityEnabled":true}
[INFO  - 2019-07-23T11:49:58.918Z] Session [cd778da0-ad3f-11e9-80d9-9340b2b103e0] - page.customHeaders:  - {}
[INFO  - 2019-07-23T11:50:00.493Z] Session [cd778da0-ad3f-11e9-80d9-9340b2b103e0] - page.settings - {"XSSAuditingEnabled":false,"javascriptCanCloseWindows":true,"javascriptCanOpenWindows":true,"javascriptEnabled":true,"loadImages":true,"localToRemoteUrlAccessEnabled":false,"userAgent":"Mozilla/5.0 (Windows NT 6.2; WOW64) AppleWebKit/538.1 (KHTML, like Gecko) PhantomJS/2.1.1 Safari/538.1","webSecurityEnabled":true}
[INFO  - 2019-07-23T11:50:00.493Z] Session [cd778da0-ad3f-11e9-80d9-9340b2b103e0] - page.customHeaders:  - {}
[INFO  - 2019-07-23T11:50:02.037Z] Session [cd778da0-ad3f-11e9-80d9-9340b2b103e0] - page.settings - {"XSSAuditingEnabled":false,"javascriptCanCloseWindows":true,"javascriptCanOpenWindows":true,"javascriptEnabled":true,"loadImages":true,"localToRemoteUrlAccessEnabled":false,"userAgent":"Mozilla/5.0 (Windows NT 6.2; WOW64) AppleWebKit/538.1 (KHTML, like Gecko) PhantomJS/2.1.1 Safari/538.1","webSecurityEnabled":true}
[INFO  - 2019-07-23T11:50:02.037Z] Session [cd778da0-ad3f-11e9-80d9-9340b2b103e0] - page.customHeaders:  - {}
[INFO  - 2019-07-23T11:50:03.370Z] Session [cd778da0-ad3f-11e9-80d9-9340b2b103e0] - page.settings - {"XSSAuditingEnabled":false,"javascriptCanCloseWindows":true,"javascriptCanOpenWindows":true,"javascriptEnabled":true,"loadImages":true,"localToRemoteUrlAccessEnabled":false,"userAgent":"Mozilla/5.0 (Windows NT 6.2; WOW64) AppleWebKit/538.1 (KHTML, like Gecko) PhantomJS/2.1.1 Safari/538.1","webSecurityEnabled":true}
[INFO  - 2019-07-23T11:50:03.370Z] Session [cd778da0-ad3f-11e9-80d9-9340b2b103e0] - page.customHeaders:  - {}
[INFO  - 2019-07-23T11:50:04.592Z] Session [cd778da0-ad3f-11e9-80d9-9340b2b103e0] - page.settings - {"XSSAuditingEnabled":false,"javascriptCanCloseWindows":true,"javascriptCanOpenWindows":true,"javascriptEnabled":true,"loadImages":true,"localToRemoteUrlAccessEnabled":false,"userAgent":"Mozilla/5.0 (Windows NT 6.2; WOW64) AppleWebKit/538.1 (KHTML, like Gecko) PhantomJS/2.1.1 Safari/538.1","webSecurityEnabled":true}
[INFO  - 2019-07-23T11:50:04.592Z] Session [cd778da0-ad3f-11e9-80d9-9340b2b103e0] - page.customHeaders:  - {}
[INFO  - 2019-07-23T11:50:05.791Z] Session [cd778da0-ad3f-11e9-80d9-9340b2b103e0] - page.settings - {"XSSAuditingEnabled":false,"javascriptCanCloseWindows":true,"javascriptCanOpenWindows":true,"javascriptEnabled":true,"loadImages":true,"localToRemoteUrlAccessEnabled":false,"userAgent":"Mozilla/5.0 (Windows NT 6.2; WOW64) AppleWebKit/538.1 (KHTML, like Gecko) PhantomJS/2.1.1 Safari/538.1","webSecurityEnabled":true}
[INFO  - 2019-07-23T11:50:05.791Z] Session [cd778da0-ad3f-11e9-80d9-9340b2b103e0] - page.customHeaders:  - {}
[INFO  - 2019-07-23T11:50:07.068Z] Session [cd778da0-ad3f-11e9-80d9-9340b2b103e0] - page.settings - {"XSSAuditingEnabled":false,"javascriptCanCloseWindows":true,"javascriptCanOpenWindows":true,"javascriptEnabled":true,"loadImages":true,"localToRemoteUrlAccessEnabled":false,"userAgent":"Mozilla/5.0 (Windows NT 6.2; WOW64) AppleWebKit/538.1 (KHTML, like Gecko) PhantomJS/2.1.1 Safari/538.1","webSecurityEnabled":true}
[INFO  - 2019-07-23T11:50:07.068Z] Session [cd778da0-ad3f-11e9-80d9-9340b2b103e0] - page.customHeaders:  - {}
[INFO  - 2019-07-23T11:50:08.384Z] Session [cd778da0-ad3f-11e9-80d9-9340b2b103e0] - page.settings - {"XSSAuditingEnabled":false,"javascriptCanCloseWindows":true,"javascriptCanOpenWindows":true,"javascriptEnabled":true,"loadImages":true,"localToRemoteUrlAccessEnabled":false,"userAgent":"Mozilla/5.0 (Windows NT 6.2; WOW64) AppleWebKit/538.1 (KHTML, like Gecko) PhantomJS/2.1.1 Safari/538.1","webSecurityEnabled":true}
[INFO  - 2019-07-23T11:50:08.384Z] Session [cd778da0-ad3f-11e9-80d9-9340b2b103e0] - page.customHeaders:  - {}
[INFO  - 2019-07-23T11:50:19.933Z] Session [cd778da0-ad3f-11e9-80d9-9340b2b103e0] - page.settings - {"XSSAuditingEnabled":false,"javascriptCanCloseWindows":true,"javascriptCanOpenWindows":true,"javascriptEnabled":true,"loadImages":true,"localToRemoteUrlAccessEnabled":false,"userAgent":"Mozilla/5.0 (Windows NT 6.2; WOW64) AppleWebKit/538.1 (KHTML, like Gecko) PhantomJS/2.1.1 Safari/538.1","webSecurityEnabled":true}
[INFO  - 2019-07-23T11:50:19.933Z] Session [cd778da0-ad3f-11e9-80d9-9340b2b103e0] - page.customHeaders:  - {}
[INFO  - 2019-07-23T11:50:21.242Z] Session [cd778da0-ad3f-11e9-80d9-9340b2b103e0] - page.settings - {"XSSAuditingEnabled":false,"javascriptCanCloseWindows":true,"javascriptCanOpenWindows":true,"javascriptEnabled":true,"loadImages":true,"localToRemoteUrlAccessEnabled":false,"userAgent":"Mozilla/5.0 (Windows NT 6.2; WOW64) AppleWebKit/538.1 (KHTML, like Gecko) PhantomJS/2.1.1 Safari/538.1","webSecurityEnabled":true}
[INFO  - 2019-07-23T11:50:21.242Z] Session [cd778da0-ad3f-11e9-80d9-9340b2b103e0] - page.customHeaders:  - {}
[INFO  - 2019-07-23T11:50:22.780Z] Session [cd778da0-ad3f-11e9-80d9-9340b2b103e0] - page.settings - {"XSSAuditingEnabled":false,"javascriptCanCloseWindows":true,"javascriptCanOpenWindows":true,"javascriptEnabled":true,"loadImages":true,"localToRemoteUrlAccessEnabled":false,"userAgent":"Mozilla/5.0 (Windows NT 6.2; WOW64) AppleWebKit/538.1 (KHTML, like Gecko) PhantomJS/2.1.1 Safari/538.1","webSecurityEnabled":true}
[INFO  - 2019-07-23T11:50:22.780Z] Session [cd778da0-ad3f-11e9-80d9-9340b2b103e0] - page.customHeaders:  - {}
[INFO  - 2019-07-23T11:50:24.404Z] Session [cd778da0-ad3f-11e9-80d9-9340b2b103e0] - page.settings - {"XSSAuditingEnabled":false,"javascriptCanCloseWindows":true,"javascriptCanOpenWindows":true,"javascriptEnabled":true,"loadImages":true,"localToRemoteUrlAccessEnabled":false,"userAgent":"Mozilla/5.0 (Windows NT 6.2; WOW64) AppleWebKit/538.1 (KHTML, like Gecko) PhantomJS/2.1.1 Safari/538.1","webSecurityEnabled":true}
[INFO  - 2019-07-23T11:50:24.404Z] Session [cd778da0-ad3f-11e9-80d9-9340b2b103e0] - page.customHeaders:  - {}
[INFO  - 2019-07-23T11:50:25.756Z] Session [cd778da0-ad3f-11e9-80d9-9340b2b103e0] - page.settings - {"XSSAuditingEnabled":false,"javascriptCanCloseWindows":true,"javascriptCanOpenWindows":true,"javascriptEnabled":true,"loadImages":true,"localToRemoteUrlAccessEnabled":false,"userAgent":"Mozilla/5.0 (Windows NT 6.2; WOW64) AppleWebKit/538.1 (KHTML, like Gecko) PhantomJS/2.1.1 Safari/538.1","webSecurityEnabled":true}
[INFO  - 2019-07-23T11:50:25.756Z] Session [cd778da0-ad3f-11e9-80d9-9340b2b103e0] - page.customHeaders:  - {}
[INFO  - 2019-07-23T11:50:27.119Z] Session [cd778da0-ad3f-11e9-80d9-9340b2b103e0] - page.settings - {"XSSAuditingEnabled":false,"javascriptCanCloseWindows":true,"javascriptCanOpenWindows":true,"javascriptEnabled":true,"loadImages":true,"localToRemoteUrlAccessEnabled":false,"userAgent":"Mozilla/5.0 (Windows NT 6.2; WOW64) AppleWebKit/538.1 (KHTML, like Gecko) PhantomJS/2.1.1 Safari/538.1","webSecurityEnabled":true}
[INFO  - 2019-07-23T11:50:27.119Z] Session [cd778da0-ad3f-11e9-80d9-9340b2b103e0] - page.customHeaders:  - {}
[INFO  - 2019-07-23T11:50:28.631Z] Session [cd778da0-ad3f-11e9-80d9-9340b2b103e0] - page.settings - {"XSSAuditingEnabled":false,"javascriptCanCloseWindows":true,"javascriptCanOpenWindows":true,"javascriptEnabled":true,"loadImages":true,"localToRemoteUrlAccessEnabled":false,"userAgent":"Mozilla/5.0 (Windows NT 6.2; WOW64) AppleWebKit/538.1 (KHTML, like Gecko) PhantomJS/2.1.1 Safari/538.1","webSecurityEnabled":true}
[INFO  - 2019-07-23T11:50:28.631Z] Session [cd778da0-ad3f-11e9-80d9-9340b2b103e0] - page.customHeaders:  - {}
[INFO  - 2019-07-23T11:50:30.146Z] Session [cd778da0-ad3f-11e9-80d9-9340b2b103e0] - page.settings - {"XSSAuditingEnabled":false,"javascriptCanCloseWindows":true,"javascriptCanOpenWindows":true,"javascriptEnabled":true,"loadImages":true,"localToRemoteUrlAccessEnabled":false,"userAgent":"Mozilla/5.0 (Windows NT 6.2; WOW64) AppleWebKit/538.1 (KHTML, like Gecko) PhantomJS/2.1.1 Safari/538.1","webSecurityEnabled":true}
[INFO  - 2019-07-23T11:50:30.146Z] Session [cd778da0-ad3f-11e9-80d9-9340b2b103e0] - page.customHeaders:  - {}
[INFO  - 2019-07-23T11:50:31.700Z] Session [cd778da0-ad3f-11e9-80d9-9340b2b103e0] - page.settings - {"XSSAuditingEnabled":false,"javascriptCanCloseWindows":true,"javascriptCanOpenWindows":true,"javascriptEnabled":true,"loadImages":true,"localToRemoteUrlAccessEnabled":false,"userAgent":"Mozilla/5.0 (Windows NT 6.2; WOW64) AppleWebKit/538.1 (KHTML, like Gecko) PhantomJS/2.1.1 Safari/538.1","webSecurityEnabled":true}
[INFO  - 2019-07-23T11:50:31.700Z] Session [cd778da0-ad3f-11e9-80d9-9340b2b103e0] - page.customHeaders:  - {}
[INFO  - 2019-07-23T11:50:33.060Z] Session [cd778da0-ad3f-11e9-80d9-9340b2b103e0] - page.settings - {"XSSAuditingEnabled":false,"javascriptCanCloseWindows":true,"javascriptCanOpenWindows":true,"javascriptEnabled":true,"loadImages":true,"localToRemoteUrlAccessEnabled":false,"userAgent":"Mozilla/5.0 (Windows NT 6.2; WOW64) AppleWebKit/538.1 (KHTML, like Gecko) PhantomJS/2.1.1 Safari/538.1","webSecurityEnabled":true}
[INFO  - 2019-07-23T11:50:33.061Z] Session [cd778da0-ad3f-11e9-80d9-9340b2b103e0] - page.customHeaders:  - {}
[INFO  - 2019-07-23T11:50:34.339Z] Session [cd778da0-ad3f-11e9-80d9-9340b2b103e0] - page.settings - {"XSSAuditingEnabled":false,"javascriptCanCloseWindows":true,"javascriptCanOpenWindows":true,"javascriptEnabled":true,"loadImages":true,"localToRemoteUrlAccessEnabled":false,"userAgent":"Mozilla/5.0 (Windows NT 6.2; WOW64) AppleWebKit/538.1 (KHTML, like Gecko) PhantomJS/2.1.1 Safari/538.1","webSecurityEnabled":true}
[INFO  - 2019-07-23T11:50:34.339Z] Session [cd778da0-ad3f-11e9-80d9-9340b2b103e0] - page.customHeaders:  - {}
[INFO  - 2019-07-23T11:50:35.521Z] Session [cd778da0-ad3f-11e9-80d9-9340b2b103e0] - page.settings - {"XSSAuditingEnabled":false,"javascriptCanCloseWindows":true,"javascriptCanOpenWindows":true,"javascriptEnabled":true,"loadImages":true,"localToRemoteUrlAccessEnabled":false,"userAgent":"Mozilla/5.0 (Windows NT 6.2; WOW64) AppleWebKit/538.1 (KHTML, like Gecko) PhantomJS/2.1.1 Safari/538.1","webSecurityEnabled":true}
[INFO  - 2019-07-23T11:50:35.522Z] Session [cd778da0-ad3f-11e9-80d9-9340b2b103e0] - page.customHeaders:  - {}
[INFO  - 2019-07-23T11:50:36.790Z] Session [cd778da0-ad3f-11e9-80d9-9340b2b103e0] - page.settings - {"XSSAuditingEnabled":false,"javascriptCanCloseWindows":true,"javascriptCanOpenWindows":true,"javascriptEnabled":true,"loadImages":true,"localToRemoteUrlAccessEnabled":false,"userAgent":"Mozilla/5.0 (Windows NT 6.2; WOW64) AppleWebKit/538.1 (KHTML, like Gecko) PhantomJS/2.1.1 Safari/538.1","webSecurityEnabled":true}
[INFO  - 2019-07-23T11:50:36.790Z] Session [cd778da0-ad3f-11e9-80d9-9340b2b103e0] - page.customHeaders:  - {}
[INFO  - 2019-07-23T11:50:38.419Z] Session [cd778da0-ad3f-11e9-80d9-9340b2b103e0] - page.settings - {"XSSAuditingEnabled":false,"javascriptCanCloseWindows":true,"javascriptCanOpenWindows":true,"javascriptEnabled":true,"loadImages":true,"localToRemoteUrlAccessEnabled":false,"userAgent":"Mozilla/5.0 (Windows NT 6.2; WOW64) AppleWebKit/538.1 (KHTML, like Gecko) PhantomJS/2.1.1 Safari/538.1","webSecurityEnabled":true}
[INFO  - 2019-07-23T11:50:38.419Z] Session [cd778da0-ad3f-11e9-80d9-9340b2b103e0] - page.customHeaders:  - {}
[INFO  - 2019-07-23T11:50:50.076Z] Session [cd778da0-ad3f-11e9-80d9-9340b2b103e0] - page.settings - {"XSSAuditingEnabled":false,"javascriptCanCloseWindows":true,"javascriptCanOpenWindows":true,"javascriptEnabled":true,"loadImages":true,"localToRemoteUrlAccessEnabled":false,"userAgent":"Mozilla/5.0 (Windows NT 6.2; WOW64) AppleWebKit/538.1 (KHTML, like Gecko) PhantomJS/2.1.1 Safari/538.1","webSecurityEnabled":true}
[INFO  - 2019-07-23T11:50:50.076Z] Session [cd778da0-ad3f-11e9-80d9-9340b2b103e0] - page.customHeaders:  - {}
[INFO  - 2019-07-23T11:50:51.272Z] Session [cd778da0-ad3f-11e9-80d9-9340b2b103e0] - page.settings - {"XSSAuditingEnabled":false,"javascriptCanCloseWindows":true,"javascriptCanOpenWindows":true,"javascriptEnabled":true,"loadImages":true,"localToRemoteUrlAccessEnabled":false,"userAgent":"Mozilla/5.0 (Windows NT 6.2; WOW64) AppleWebKit/538.1 (KHTML, like Gecko) PhantomJS/2.1.1 Safari/538.1","webSecurityEnabled":true}
[INFO  - 2019-07-23T11:50:51.272Z] Session [cd778da0-ad3f-11e9-80d9-9340b2b103e0] - page.customHeaders:  - {}
[INFO  - 2019-07-23T11:50:52.465Z] Session [cd778da0-ad3f-11e9-80d9-9340b2b103e0] - page.settings - {"XSSAuditingEnabled":false,"javascriptCanCloseWindows":true,"javascriptCanOpenWindows":true,"javascriptEnabled":true,"loadImages":true,"localToRemoteUrlAccessEnabled":false,"userAgent":"Mozilla/5.0 (Windows NT 6.2; WOW64) AppleWebKit/538.1 (KHTML, like Gecko) PhantomJS/2.1.1 Safari/538.1","webSecurityEnabled":true}
[INFO  - 2019-07-23T11:50:52.465Z] Session [cd778da0-ad3f-11e9-80d9-9340b2b103e0] - page.customHeaders:  - {}
[INFO  - 2019-07-23T11:50:53.777Z] Session [cd778da0-ad3f-11e9-80d9-9340b2b103e0] - page.settings - {"XSSAuditingEnabled":false,"javascriptCanCloseWindows":true,"javascriptCanOpenWindows":true,"javascriptEnabled":true,"loadImages":true,"localToRemoteUrlAccessEnabled":false,"userAgent":"Mozilla/5.0 (Windows NT 6.2; WOW64) AppleWebKit/538.1 (KHTML, like Gecko) PhantomJS/2.1.1 Safari/538.1","webSecurityEnabled":true}
[INFO  - 2019-07-23T11:50:53.777Z] Session [cd778da0-ad3f-11e9-80d9-9340b2b103e0] - page.customHeaders:  - {}
[INFO  - 2019-07-23T11:50:55.185Z] Session [cd778da0-ad3f-11e9-80d9-9340b2b103e0] - page.settings - {"XSSAuditingEnabled":false,"javascriptCanCloseWindows":true,"javascriptCanOpenWindows":true,"javascriptEnabled":true,"loadImages":true,"localToRemoteUrlAccessEnabled":false,"userAgent":"Mozilla/5.0 (Windows NT 6.2; WOW64) AppleWebKit/538.1 (KHTML, like Gecko) PhantomJS/2.1.1 Safari/538.1","webSecurityEnabled":true}
[INFO  - 2019-07-23T11:50:55.186Z] Session [cd778da0-ad3f-11e9-80d9-9340b2b103e0] - page.customHeaders:  - {}
[INFO  - 2019-07-23T11:50:56.425Z] Session [cd778da0-ad3f-11e9-80d9-9340b2b103e0] - page.settings - {"XSSAuditingEnabled":false,"javascriptCanCloseWindows":true,"javascriptCanOpenWindows":true,"javascriptEnabled":true,"loadImages":true,"localToRemoteUrlAccessEnabled":false,"userAgent":"Mozilla/5.0 (Windows NT 6.2; WOW64) AppleWebKit/538.1 (KHTML, like Gecko) PhantomJS/2.1.1 Safari/538.1","webSecurityEnabled":true}
[INFO  - 2019-07-23T11:50:56.425Z] Session [cd778da0-ad3f-11e9-80d9-9340b2b103e0] - page.customHeaders:  - {}
